#
# A fatal error has been detected by the Java Runtime Environment:
#
#  SIGSEGV (0xb) at pc=0x00007faa475d3945, pid=32243, tid=0x00007faa21282700
#
# JRE version: Java(TM) SE Runtime Environment (8.0_201-b09) (build 1.8.0_201-b09)
# Java VM: Java HotSpot(TM) 64-Bit Server VM (25.201-b09 mixed mode linux-amd64 compressed oops)
# Problematic frame:
# V  [libjvm.so+0x8a1945]  MethodComparator::methods_EMCP(Method*, Method*)+0x655
#
# Failed to write core dump. Core dumps have been disabled. To enable core dumping, try "ulimit -c unlimited" before starting Java again
#
# If you would like to submit a bug report, please visit:
#   http://bugreport.java.com/bugreport/crash.jsp
#

---------------  T H R E A D  ---------------

Current thread (0x00007faa401d0000):  VMThread [stack: 0x00007faa21183000,0x00007faa21283000] [id=32259]

siginfo: si_signo: 11 (SIGSEGV), si_code: 1 (SEGV_MAPERR), si_addr: 0x00007faa48cf2f21

Registers:
RAX=0x0000000001010101, RBX=0x00007faa1aebe840, RCX=0x0000000000000010, RDX=0x00007faa401d0500
RSP=0x00007faa21281870, RBP=0x00007faa21281930, RSI=0x0000000000000002, RDI=0x00000000017864e0
R8 =0x0000000000000003, R9 =0x0000000000000003, R10=0x00000000000000e5, R11=0x0000000000000001
R12=0x00007faa1aebe7cd, R13=0x00007faa47ce2e20, R14=0x00007faa47ce2a60, R15=0x00000000000000ff
RIP=0x00007faa475d3945, EFLAGS=0x0000000000010206, CSGSFS=0x002b000000000033, ERR=0x0000000000000004
  TRAPNO=0x000000000000000e

Top of Stack: (sp=0x00007faa21281870)
0x00007faa21281870:   00007faa31955708 00007faa31954ad0
0x00007faa21281880:   00007faa3196850a 00007faa1aec5610
0x00007faa21281890:   00007faa1aec5610 00007faa401d0000
0x00007faa212818a0:   00007faa31955720 00007faa1aebe840
0x00007faa212818b0:   00007faa401d0000 0000003d0000003d
0x00007faa212818c0:   000000a100000044 000000a131960000
0x00007faa212818d0:   00007faa1aebe840 00007faa1aec5610
0x00007faa212818e0:   00007faa401d0000 0000003d0000003a
0x00007faa212818f0:   000000a100000044 000000a1d0080000
0x00007faa21281900:   00007faa31954ad0 0000000000000010
0x00007faa21281910:   0000000000000010 00007faa47cef2b0
0x00007faa21281920:   00007faa1aebe840 00007faa1aebe860
0x00007faa21281930:   00007faa212819b0 00007faa474c0d2e
0x00007faa21281940:   0000000000000000 00007faa46ff46ef
0x00007faa21281950:   00007faa47cf5d37 00007faa401d0000
0x00007faa21281960:   0000000000000020 00007faa21281980
0x00007faa21281970:   00007faa212819b0 00007faa00000000
0x00007faa21281980:   00007faa1aec4810 00000007c01613b8
0x00007faa21281990:   00007faa20c78970 00007faa401d0000
0x00007faa212819a0:   00000007c0162788 00007faa401d0000
0x00007faa212819b0:   00007faa21281ac0 00007faa474c201a
0x00007faa212819c0:   00007faa3196850a 000000000000000f
0x00007faa212819d0:   00007faa21281a50 00007faa21000000
0x00007faa212819e0:   00007faa31955720 00007faa31955b00
0x00007faa212819f0:   0000000770721ce8 00007faa20c78970
0x00007faa21281a00:   00007faa31968000 00007faa31968510
0x00007faa21281a10:   00007faa47c28e30 00007faa212819a0
0x00007faa21281a20:   0000000000000000 00007faa47201355
0x00007faa21281a30:   0000000000000000 00007faa1aebe840
0x00007faa21281a40:   00007faa21281a60 00007faa475c4f67
0x00007faa21281a50:   00007faa401d0000 00007faa401d03d0
0x00007faa21281a60:   00007faa401d0410 00007faa401d0420 

Instructions: (pc=0x00007faa475d3945)
0x00007faa475d3925:   ff ca 00 00 00 0f 84 38 04 00 00 4c 8d 35 29 f1
0x00007faa475d3935:   70 00 49 63 c7 4c 8d 2d df f4 70 00 49 63 04 86
0x00007faa475d3945:   41 0f b6 54 05 00 48 89 c3 83 e2 0f 0f b6 d2 0f
0x00007faa475d3955:   84 66 03 00 00 8b 4d 90 8b 45 88 29 d1 39 c8 0f 

Register to memory mapping:

RAX=0x0000000001010101 is an unknown value
RBX={method} {0x00007faa1aebe840} 'learn' '([[Ljava/lang/Object;I)Lit/cnr/isti/pad/HMM;' in 'it/cnr/isti/pad/HMM'
RCX=0x0000000000000010 is an unknown value
RDX=0x00007faa401d0500 is an unknown value
RSP=0x00007faa21281870 is an unknown value
RBP=0x00007faa21281930 is an unknown value
RSI=0x0000000000000002 is an unknown value
RDI=0x00000000017864e0 is an unknown value
R8 =0x0000000000000003 is an unknown value
R9 =0x0000000000000003 is an unknown value
R10=0x00000000000000e5 is an unknown value
R11=0x0000000000000001 is an unknown value
R12=0x00007faa1aebe7cd is pointing into metadata
R13=0x00007faa47ce2e20: <offset 0xfb0e20> in /usr/lib/jvm/java-8-oracle/jre/lib/amd64/server/libjvm.so at 0x00007faa46d32000
R14=0x00007faa47ce2a60: <offset 0xfb0a60> in /usr/lib/jvm/java-8-oracle/jre/lib/amd64/server/libjvm.so at 0x00007faa46d32000
R15=0x00000000000000ff is an unknown value


Stack: [0x00007faa21183000,0x00007faa21283000],  sp=0x00007faa21281870,  free space=1018k
Native frames: (J=compiled Java code, j=interpreted, Vv=VM code, C=native code)
V  [libjvm.so+0x8a1945]  MethodComparator::methods_EMCP(Method*, Method*)+0x655
V  [libjvm.so+0x78ed2e]  VM_RedefineClasses::check_methods_and_mark_as_obsolete()+0x7e
V  [libjvm.so+0x79001a]  VM_RedefineClasses::redefine_single_class(_jclass*, Klass*, Thread*)+0x12a
V  [libjvm.so+0x790614]  VM_RedefineClasses::doit()+0xa4
V  [libjvm.so+0xada296]  VM_Operation::evaluate()+0x46
V  [libjvm.so+0xad85cd]  VMThread::evaluate_operation(VM_Operation*) [clone .constprop.44]+0xcd
V  [libjvm.so+0xad8bb3]  VMThread::loop()+0x3a3
V  [libjvm.so+0xad8f88]  VMThread::run()+0x78
V  [libjvm.so+0x90d922]  java_start(Thread*)+0x102

VM_Operation (0x00007faa20c78970): RedefineClasses, mode: safepoint, requested by thread 0x00007faa4021c000, redefining class it.cnr.isti.pad.HMM



---------------  P R O C E S S  ---------------

Java Threads: ( => current thread )
  0x00007fa9b8070000 JavaThread "communication thread" daemon [_thread_blocked, id=32289, stack(0x00007faa1b5c3000,0x00007faa1b6c4000)]
  0x00007fa9bc236800 JavaThread "process reaper" daemon [_thread_blocked, id=32282, stack(0x00007faa1b9ad000,0x00007faa1b9e6000)]
  0x00007faa4096a000 JavaThread "Thread-2" [_thread_blocked, id=32277, stack(0x00007faa1b6c4000,0x00007faa1b7c5000)]
  0x00007faa40594000 JavaThread "Service Thread" daemon [_thread_blocked, id=32275, stack(0x00007faa20346000,0x00007faa20447000)]
  0x00007faa40588800 JavaThread "C1 CompilerThread3" daemon [_thread_blocked, id=32274, stack(0x00007faa20448000,0x00007faa20548000)]
  0x00007faa40586000 JavaThread "C2 CompilerThread2" daemon [_thread_blocked, id=32273, stack(0x00007faa20549000,0x00007faa20649000)]
  0x00007faa40585000 JavaThread "C2 CompilerThread1" daemon [_thread_blocked, id=32272, stack(0x00007faa2064a000,0x00007faa2074a000)]
  0x00007faa40580000 JavaThread "C2 CompilerThread0" daemon [_thread_blocked, id=32271, stack(0x00007faa2074b000,0x00007faa2084b000)]
  0x00007fa9e4001000 JavaThread "JDWP Command Reader" daemon [_thread_in_native, id=32268, stack(0x00007faa20977000,0x00007faa20a78000)]
  0x00007faa4021f800 JavaThread "JDWP Event Helper Thread" daemon [_thread_blocked, id=32266, stack(0x00007faa20a78000,0x00007faa20b79000)]
  0x00007faa4021c000 JavaThread "JDWP Transport Listener: dt_socket" daemon [_thread_blocked, id=32264, stack(0x00007faa20b79000,0x00007faa20c7a000)]
  0x00007faa4020e000 JavaThread "Signal Dispatcher" daemon [_thread_blocked, id=32262, stack(0x00007faa20e7f000,0x00007faa20f80000)]
  0x00007faa401dc000 JavaThread "Finalizer" daemon [_thread_blocked, id=32261, stack(0x00007faa20f80000,0x00007faa21081000)]
  0x00007faa401d9800 JavaThread "Reference Handler" daemon [_thread_blocked, id=32260, stack(0x00007faa21081000,0x00007faa21182000)]
  0x00007faa40012800 JavaThread "main" [_thread_blocked, id=32249, stack(0x00007faa48853000,0x00007faa48953000)]

Other Threads:
=>0x00007faa401d0000 VMThread [stack: 0x00007faa21183000,0x00007faa21283000] [id=32259]
  0x00007faa40596800 WatcherThread [stack: 0x00007faa20246000,0x00007faa20346000] [id=32276]

VM state:at safepoint (normal execution)

VM Mutex/Monitor currently owned by a thread:  ([mutex/lock_event])
[0x00007faa4000b000] Threads_lock - owner thread: 0x00007faa401d0000

heap address: 0x00000006c7a00000, size: 3974 MB, Compressed Oops mode: Zero based, Oop shift amount: 3
Narrow klass base: 0x0000000000000000, Narrow klass shift: 3
Compressed class space size: 1073741824 Address: 0x00000007c0000000

Heap:
 PSYoungGen      total 267776K, used 65392K [0x000000076d380000, 0x000000077e480000, 0x00000007c0000000)
  eden space 257536K, 23% used [0x000000076d380000,0x0000000770f4e388,0x000000077cf00000)
  from space 10240K, 40% used [0x000000077d980000,0x000000077dd8dff0,0x000000077e380000)
  to   space 10752K, 0% used [0x000000077cf00000,0x000000077cf00000,0x000000077d980000)
 ParOldGen       total 171008K, used 119250K [0x00000006c7a00000, 0x00000006d2100000, 0x000000076d380000)
  object space 171008K, 69% used [0x00000006c7a00000,0x00000006cee74880,0x00000006d2100000)
 Metaspace       used 13662K, capacity 13826K, committed 14080K, reserved 1062912K
  class space    used 1377K, capacity 1447K, committed 1536K, reserved 1048576K

Card table byte_map: [0x00007faa3083c000,0x00007faa31000000] byte_map_base: 0x00007faa2d1ff000

Marking Bits: (ParMarkBitMap*) 0x00007faa47cfdd80
 Begin Bits: [0x00007fa9f43d0000, 0x00007fa9f81e8000)
 End Bits:   [0x00007fa9f81e8000, 0x00007fa9fc000000)

Polling page: 0x00007faa4896d000

CodeCache: size=245760Kb used=9427Kb max_used=9594Kb free=236332Kb
 bounds [0x00007faa31000000, 0x00007faa31980000, 0x00007faa40000000]
 total_blobs=2377 nmethods=1977 adapters=321
 compilation: enabled

Compilation events (10 events):
Event: 53,162 Thread 0x00007faa40580000 2042       4       org.eclipse.jdt.launching.internal.org.objectweb.asm.Label::put (83 bytes)
Event: 53,162 Thread 0x00007faa40588800 nmethod 2040 0x00007faa318a73d0 code [0x00007faa318a75a0, 0x00007faa318a7bd8]
Event: 53,162 Thread 0x00007faa40588800 2041       3       org.eclipse.jdt.launching.internal.org.objectweb.asm.ClassReader::readLong (29 bytes)
Event: 53,163 Thread 0x00007faa40588800 nmethod 2041 0x00007faa31116650 code [0x00007faa311167c0, 0x00007faa311169b8]
Event: 53,189 Thread 0x00007faa40580000 nmethod 2042 0x00007faa311c45d0 code [0x00007faa311c47c0, 0x00007faa311c51f0]
Event: 53,658 Thread 0x00007faa40588800 2043       1       java.text.DontCareFieldPosition$1::formatted (1 bytes)
Event: 53,658 Thread 0x00007faa40588800 nmethod 2043 0x00007faa311411d0 code [0x00007faa31141320, 0x00007faa31141430]
Event: 54,658 Thread 0x00007faa40586000 2044       4       java.lang.StringBuffer::<init> (7 bytes)
Event: 54,660 Thread 0x00007faa40586000 nmethod 2044 0x00007faa3117f950 code [0x00007faa3117faa0, 0x00007faa3117fb98]
Event: 55,345 Thread 0x00007faa40585000 2045       4       org.eclipse.jdt.launching.internal.org.objectweb.asm.MethodWriter::visitJumpInsn (495 bytes)

GC Heap History (10 events):
Event: 0,981 GC heap before
{Heap before GC invocations=2 (full 0):
 PSYoungGen      total 74752K, used 70332K [0x000000076d380000, 0x0000000772680000, 0x00000007c0000000)
  eden space 64512K, 100% used [0x000000076d380000,0x0000000771280000,0x0000000771280000)
  from space 10240K, 56% used [0x0000000771280000,0x000000077182f0e0,0x0000000771c80000)
  to   space 10240K, 0% used [0x0000000771c80000,0x0000000771c80000,0x0000000772680000)
 ParOldGen       total 171008K, used 97368K [0x00000006c7a00000, 0x00000006d2100000, 0x000000076d380000)
  object space 171008K, 56% used [0x00000006c7a00000,0x00000006cd916020,0x00000006d2100000)
 Metaspace       used 12896K, capacity 13090K, committed 13312K, reserved 1060864K
  class space    used 1326K, capacity 1415K, committed 1536K, reserved 1048576K
Event: 0,993 GC heap after
Heap after GC invocations=2 (full 0):
 PSYoungGen      total 74752K, used 8427K [0x000000076d380000, 0x0000000776580000, 0x00000007c0000000)
  eden space 64512K, 0% used [0x000000076d380000,0x000000076d380000,0x0000000771280000)
  from space 10240K, 82% used [0x0000000771c80000,0x00000007724bac70,0x0000000772680000)
  to   space 10240K, 0% used [0x0000000771280000,0x0000000771280000,0x0000000771c80000)
 ParOldGen       total 171008K, used 119218K [0x00000006c7a00000, 0x00000006d2100000, 0x000000076d380000)
  object space 171008K, 69% used [0x00000006c7a00000,0x00000006cee6c880,0x00000006d2100000)
 Metaspace       used 12896K, capacity 13090K, committed 13312K, reserved 1060864K
  class space    used 1326K, capacity 1415K, committed 1536K, reserved 1048576K
}
Event: 1,125 GC heap before
{Heap before GC invocations=3 (full 0):
 PSYoungGen      total 74752K, used 72939K [0x000000076d380000, 0x0000000776580000, 0x00000007c0000000)
  eden space 64512K, 100% used [0x000000076d380000,0x0000000771280000,0x0000000771280000)
  from space 10240K, 82% used [0x0000000771c80000,0x00000007724bac70,0x0000000772680000)
  to   space 10240K, 0% used [0x0000000771280000,0x0000000771280000,0x0000000771c80000)
 ParOldGen       total 171008K, used 119218K [0x00000006c7a00000, 0x00000006d2100000, 0x000000076d380000)
  object space 171008K, 69% used [0x00000006c7a00000,0x00000006cee6c880,0x00000006d2100000)
 Metaspace       used 12902K, capacity 13090K, committed 13312K, reserved 1060864K
  class space    used 1326K, capacity 1415K, committed 1536K, reserved 1048576K
Event: 1,132 GC heap after
Heap after GC invocations=3 (full 0):
 PSYoungGen      total 74752K, used 8459K [0x000000076d380000, 0x0000000776580000, 0x00000007c0000000)
  eden space 64512K, 0% used [0x000000076d380000,0x000000076d380000,0x0000000771280000)
  from space 10240K, 82% used [0x0000000771280000,0x0000000771ac2c90,0x0000000771c80000)
  to   space 10240K, 0% used [0x0000000775b80000,0x0000000775b80000,0x0000000776580000)
 ParOldGen       total 171008K, used 119226K [0x00000006c7a00000, 0x00000006d2100000, 0x000000076d380000)
  object space 171008K, 69% used [0x00000006c7a00000,0x00000006cee6e880,0x00000006d2100000)
 Metaspace       used 12902K, capacity 13090K, committed 13312K, reserved 1060864K
  class space    used 1326K, capacity 1415K, committed 1536K, reserved 1048576K
}
Event: 1,210 GC heap before
{Heap before GC invocations=4 (full 0):
 PSYoungGen      total 74752K, used 72971K [0x000000076d380000, 0x0000000776580000, 0x00000007c0000000)
  eden space 64512K, 100% used [0x000000076d380000,0x0000000771280000,0x0000000771280000)
  from space 10240K, 82% used [0x0000000771280000,0x0000000771ac2c90,0x0000000771c80000)
  to   space 10240K, 0% used [0x0000000775b80000,0x0000000775b80000,0x0000000776580000)
 ParOldGen       total 171008K, used 119226K [0x00000006c7a00000, 0x00000006d2100000, 0x000000076d380000)
  object space 171008K, 69% used [0x00000006c7a00000,0x00000006cee6e880,0x00000006d2100000)
 Metaspace       used 12905K, capacity 13090K, committed 13312K, reserved 1060864K
  class space    used 1326K, capacity 1415K, committed 1536K, reserved 1048576K
Event: 1,218 GC heap after
Heap after GC invocations=4 (full 0):
 PSYoungGen      total 139264K, used 8395K [0x000000076d380000, 0x0000000776580000, 0x00000007c0000000)
  eden space 129024K, 0% used [0x000000076d380000,0x000000076d380000,0x0000000775180000)
  from space 10240K, 81% used [0x0000000775b80000,0x00000007763b2c90,0x0000000776580000)
  to   space 10240K, 0% used [0x0000000775180000,0x0000000775180000,0x0000000775b80000)
 ParOldGen       total 171008K, used 119234K [0x00000006c7a00000, 0x00000006d2100000, 0x000000076d380000)
  object space 171008K, 69% used [0x00000006c7a00000,0x00000006cee70880,0x00000006d2100000)
 Metaspace       used 12905K, capacity 13090K, committed 13312K, reserved 1060864K
  class space    used 1326K, capacity 1415K, committed 1536K, reserved 1048576K
}
Event: 1,358 GC heap before
{Heap before GC invocations=5 (full 0):
 PSYoungGen      total 139264K, used 137419K [0x000000076d380000, 0x0000000776580000, 0x00000007c0000000)
  eden space 129024K, 100% used [0x000000076d380000,0x0000000775180000,0x0000000775180000)
  from space 10240K, 81% used [0x0000000775b80000,0x00000007763b2c90,0x0000000776580000)
  to   space 10240K, 0% used [0x0000000775180000,0x0000000775180000,0x0000000775b80000)
 ParOldGen       total 171008K, used 119234K [0x00000006c7a00000, 0x00000006d2100000, 0x000000076d380000)
  object space 171008K, 69% used [0x00000006c7a00000,0x00000006cee70880,0x00000006d2100000)
 Metaspace       used 12905K, capacity 13090K, committed 13312K, reserved 1060864K
  class space    used 1326K, capacity 1415K, committed 1536K, reserved 1048576K
Event: 1,362 GC heap after
Heap after GC invocations=5 (full 0):
 PSYoungGen      total 139264K, used 8427K [0x000000076d380000, 0x000000077e380000, 0x00000007c0000000)
  eden space 129024K, 0% used [0x000000076d380000,0x000000076d380000,0x0000000775180000)
  from space 10240K, 82% used [0x0000000775180000,0x00000007759bac70,0x0000000775b80000)
  to   space 10240K, 0% used [0x000000077d980000,0x000000077d980000,0x000000077e380000)
 ParOldGen       total 171008K, used 119242K [0x00000006c7a00000, 0x00000006d2100000, 0x000000076d380000)
  object space 171008K, 69% used [0x00000006c7a00000,0x00000006cee72880,0x00000006d2100000)
 Metaspace       used 12905K, capacity 13090K, committed 13312K, reserved 1060864K
  class space    used 1326K, capacity 1415K, committed 1536K, reserved 1048576K
}
Event: 1,679 GC heap before
{Heap before GC invocations=6 (full 0):
 PSYoungGen      total 139264K, used 137451K [0x000000076d380000, 0x000000077e380000, 0x00000007c0000000)
  eden space 129024K, 100% used [0x000000076d380000,0x0000000775180000,0x0000000775180000)
  from space 10240K, 82% used [0x0000000775180000,0x00000007759bac70,0x0000000775b80000)
  to   space 10240K, 0% used [0x000000077d980000,0x000000077d980000,0x000000077e380000)
 ParOldGen       total 171008K, used 119242K [0x00000006c7a00000, 0x00000006d2100000, 0x000000076d380000)
  object space 171008K, 69% used [0x00000006c7a00000,0x00000006cee72880,0x00000006d2100000)
 Metaspace       used 13426K, capacity 13602K, committed 13824K, reserved 1060864K
  class space    used 1368K, capacity 1415K, committed 1536K, reserved 1048576K
Event: 1,685 GC heap after
Heap after GC invocations=6 (full 0):
 PSYoungGen      total 267776K, used 4151K [0x000000076d380000, 0x000000077e480000, 0x00000007c0000000)
  eden space 257536K, 0% used [0x000000076d380000,0x000000076d380000,0x000000077cf00000)
  from space 10240K, 40% used [0x000000077d980000,0x000000077dd8dff0,0x000000077e380000)
  to   space 10752K, 0% used [0x000000077cf00000,0x000000077cf00000,0x000000077d980000)
 ParOldGen       total 171008K, used 119250K [0x00000006c7a00000, 0x00000006d2100000, 0x000000076d380000)
  object space 171008K, 69% used [0x00000006c7a00000,0x00000006cee74880,0x00000006d2100000)
 Metaspace       used 13426K, capacity 13602K, committed 13824K, reserved 1060864K
  class space    used 1368K, capacity 1415K, committed 1536K, reserved 1048576K
}

Deoptimization events (10 events):
Event: 1,451 Thread 0x00007faa4096a000 Uncommon trap: reason=unstable_if action=reinterpret pc=0x00007faa31674280 method=java.util.GregorianCalendar.computeTime()V @ 173
Event: 1,451 Thread 0x00007faa4096a000 Uncommon trap: reason=unstable_if action=reinterpret pc=0x00007faa3162dec4 method=sun.util.calendar.BaseCalendar.getFixedDate(IIILsun/util/calendar/BaseCalendar$Date;)J @ 120
Event: 1,453 Thread 0x00007faa4096a000 Uncommon trap: reason=unstable_if action=reinterpret pc=0x00007faa31670d64 method=java.lang.Integer.getChars(II[C)V @ 20
Event: 1,453 Thread 0x00007faa4096a000 Uncommon trap: reason=bimorphic action=maybe_recompile pc=0x00007faa3170486c method=org.apache.hadoop.fs.FSDataOutputStream$PositionCache.write([BII)V @ 7
Event: 1,453 Thread 0x00007faa4096a000 Uncommon trap: reason=bimorphic action=maybe_recompile pc=0x00007faa3170486c method=org.apache.hadoop.fs.FSDataOutputStream$PositionCache.write([BII)V @ 7
Event: 1,453 Thread 0x00007faa4096a000 Uncommon trap: reason=bimorphic action=maybe_recompile pc=0x00007faa3170486c method=org.apache.hadoop.fs.FSDataOutputStream$PositionCache.write([BII)V @ 7
Event: 1,453 Thread 0x00007faa4096a000 Uncommon trap: reason=bimorphic action=maybe_recompile pc=0x00007faa3170486c method=org.apache.hadoop.fs.FSDataOutputStream$PositionCache.write([BII)V @ 7
Event: 1,656 Thread 0x00007faa4096a000 Uncommon trap: reason=unstable_if action=reinterpret pc=0x00007faa31784664 method=java.io.DataInputStream.readUTF(Ljava/io/DataInput;)Ljava/lang/String; @ 31
Event: 1,779 Thread 0x00007faa4096a000 Uncommon trap: reason=class_check action=maybe_recompile pc=0x00007faa31615450 method=java.util.AbstractCollection.toArray([Ljava/lang/Object;)[Ljava/lang/Object; @ 1
Event: 7,435 Thread 0x00007fa9b8070000 Uncommon trap: reason=class_check action=maybe_recompile pc=0x00007faa315e084c method=java.util.ArrayList.indexOf(Ljava/lang/Object;)I @ 51

Classes redefined (5 events):
Event: 18,803 Thread 0x00007faa401d0000 redefined class name=it.cnr.isti.pad.HMM, count=1
Event: 28,936 Thread 0x00007faa401d0000 redefined class name=it.cnr.isti.pad.HMM, count=2
Event: 36,657 Thread 0x00007faa401d0000 redefined class name=it.cnr.isti.pad.HMM, count=3
Event: 48,594 Thread 0x00007faa401d0000 redefined class name=it.cnr.isti.pad.HMM, count=4
Event: 53,182 Thread 0x00007faa401d0000 redefined class name=it.cnr.isti.pad.HMM, count=5

Internal exceptions (10 events):
Event: 0,294 Thread 0x00007faa40012800 Exception <a 'java/security/PrivilegedActionException'> (0x000000076ddd2b00) thrown at [/HUDSON/workspace/8-2-build-linux-amd64/jdk8u201/12317/hotspot/src/share/vm/prims/jvm.cpp, line 1502]
Event: 0,294 Thread 0x00007faa40012800 Exception <a 'java/security/PrivilegedActionException'> (0x000000076ddd2d10) thrown at [/HUDSON/workspace/8-2-build-linux-amd64/jdk8u201/12317/hotspot/src/share/vm/prims/jvm.cpp, line 1502]
Event: 0,370 Thread 0x00007faa40012800 Exception <a 'java/io/FileNotFoundException'> (0x000000076e33e360) thrown at [/HUDSON/workspace/8-2-build-linux-amd64/jdk8u201/12317/hotspot/src/share/vm/prims/jni.cpp, line 709]
Event: 0,370 Thread 0x00007faa40012800 Exception <a 'java/security/PrivilegedActionException'> (0x000000076e33e7c8) thrown at [/HUDSON/workspace/8-2-build-linux-amd64/jdk8u201/12317/hotspot/src/share/vm/prims/jvm.cpp, line 1502]
Event: 0,370 Thread 0x00007faa40012800 Exception <a 'java/lang/reflect/InvocationTargetException'> (0x000000076e340cc8) thrown at [/HUDSON/workspace/8-2-build-linux-amd64/jdk8u201/12317/hotspot/src/share/vm/runtime/reflection.cpp, line 1092]
Event: 0,718 Thread 0x00007fa9b8065000 Exception <a 'java/lang/NoSuchFieldError': method resolution failed> (0x0000000770937df8) thrown at [/HUDSON/workspace/8-2-build-linux-amd64/jdk8u201/12317/hotspot/src/share/vm/prims/methodHandles.cpp, line 1167]
Event: 0,719 Thread 0x00007fa9b8065000 Exception <a 'java/lang/NoSuchFieldError': method resolution failed> (0x0000000770945d58) thrown at [/HUDSON/workspace/8-2-build-linux-amd64/jdk8u201/12317/hotspot/src/share/vm/prims/methodHandles.cpp, line 1167]
Event: 1,404 Thread 0x00007fa9b8065000 Implicit null exception at 0x00007faa3168cf1f to 0x00007faa3168d9cd
Event: 1,448 Thread 0x00007faa4096a000 Implicit null exception at 0x00007faa3162f60f to 0x00007faa3162ffd5
Event: 1,449 Thread 0x00007faa4096a000 Implicit null exception at 0x00007faa3168c54e to 0x00007faa3168c682

Events (10 events):
Event: 53,242 Executing VM operation: GetOrSetLocal done
Event: 53,242 Executing VM operation: GetOrSetLocal
Event: 53,242 Executing VM operation: GetOrSetLocal done
Event: 53,243 Executing VM operation: GetOrSetLocal
Event: 53,243 Executing VM operation: GetOrSetLocal done
Event: 53,243 Executing VM operation: GetOrSetLocal
Event: 53,243 Executing VM operation: GetOrSetLocal done
Event: 53,244 Executing VM operation: GetOrSetLocal
Event: 53,244 Executing VM operation: GetOrSetLocal done
Event: 55,346 Executing VM operation: RedefineClasses


Dynamic libraries:
00400000-00401000 r-xp 00000000 08:05 528057                             /usr/lib/jvm/java-8-oracle/bin/java
00600000-00601000 r--p 00000000 08:05 528057                             /usr/lib/jvm/java-8-oracle/bin/java
00601000-00602000 rw-p 00001000 08:05 528057                             /usr/lib/jvm/java-8-oracle/bin/java
01785000-017a6000 rw-p 00000000 00:00 0                                  [heap]
6c7a00000-6d2100000 rw-p 00000000 00:00 0 
6d2100000-76d380000 ---p 00000000 00:00 0 
76d380000-77e480000 rw-p 00000000 00:00 0 
77e480000-7c0000000 ---p 00000000 00:00 0 
7c0000000-7c0180000 rw-p 00000000 00:00 0 
7c0180000-800000000 ---p 00000000 00:00 0 
7fa9a8000000-7fa9a8021000 rw-p 00000000 00:00 0 
7fa9a8021000-7fa9ac000000 ---p 00000000 00:00 0 
7fa9b0000000-7fa9b0021000 rw-p 00000000 00:00 0 
7fa9b0021000-7fa9b4000000 ---p 00000000 00:00 0 
7fa9b4000000-7fa9b4021000 rw-p 00000000 00:00 0 
7fa9b4021000-7fa9b8000000 ---p 00000000 00:00 0 
7fa9b8000000-7fa9b809e000 rw-p 00000000 00:00 0 
7fa9b809e000-7fa9bc000000 ---p 00000000 00:00 0 
7fa9bc000000-7fa9bc50f000 rw-p 00000000 00:00 0 
7fa9bc50f000-7fa9c0000000 ---p 00000000 00:00 0 
7fa9c0000000-7fa9c0021000 rw-p 00000000 00:00 0 
7fa9c0021000-7fa9c4000000 ---p 00000000 00:00 0 
7fa9c4000000-7fa9c4021000 rw-p 00000000 00:00 0 
7fa9c4021000-7fa9c8000000 ---p 00000000 00:00 0 
7fa9c8000000-7fa9cb84e000 rw-p 00000000 00:00 0 
7fa9cb84e000-7fa9cc000000 ---p 00000000 00:00 0 
7fa9cc000000-7fa9cd2e1000 rw-p 00000000 00:00 0 
7fa9cd2e1000-7fa9d0000000 ---p 00000000 00:00 0 
7fa9d0000000-7fa9d33ff000 rw-p 00000000 00:00 0 
7fa9d33ff000-7fa9d4000000 ---p 00000000 00:00 0 
7fa9d4000000-7fa9d7d1b000 rw-p 00000000 00:00 0 
7fa9d7d1b000-7fa9d8000000 ---p 00000000 00:00 0 
7fa9d8000000-7fa9d8021000 rw-p 00000000 00:00 0 
7fa9d8021000-7fa9dc000000 ---p 00000000 00:00 0 
7fa9dc000000-7fa9dc021000 rw-p 00000000 00:00 0 
7fa9dc021000-7fa9e0000000 ---p 00000000 00:00 0 
7fa9e0000000-7fa9e0021000 rw-p 00000000 00:00 0 
7fa9e0021000-7fa9e4000000 ---p 00000000 00:00 0 
7fa9e4000000-7fa9e40b3000 rw-p 00000000 00:00 0 
7fa9e40b3000-7fa9e8000000 ---p 00000000 00:00 0 
7fa9e8000000-7fa9e8021000 rw-p 00000000 00:00 0 
7fa9e8021000-7fa9ec000000 ---p 00000000 00:00 0 
7fa9ec000000-7fa9ec021000 rw-p 00000000 00:00 0 
7fa9ec021000-7fa9f0000000 ---p 00000000 00:00 0 
7fa9f0000000-7fa9f02a2000 rw-p 00000000 00:00 0 
7fa9f02a2000-7fa9f4000000 ---p 00000000 00:00 0 
7fa9f43d0000-7fa9fc000000 rw-p 00000000 00:00 0 
7fa9fc000000-7fa9fc021000 rw-p 00000000 00:00 0 
7fa9fc021000-7faa00000000 ---p 00000000 00:00 0 
7faa04000000-7faa04021000 rw-p 00000000 00:00 0 
7faa04021000-7faa08000000 ---p 00000000 00:00 0 
7faa0c000000-7faa0c021000 rw-p 00000000 00:00 0 
7faa0c021000-7faa10000000 ---p 00000000 00:00 0 
7faa14000000-7faa14021000 rw-p 00000000 00:00 0 
7faa14021000-7faa18000000 ---p 00000000 00:00 0 
7faa1aeb0000-7faa1aef0000 rw-p 00000000 00:00 0 
7faa1aef0000-7faa1b0b0000 ---p 00000000 00:00 0 
7faa1b0b0000-7faa1b0c1000 r-xp 00000000 08:05 792469                     /usr/lib/jvm/java-8-oracle/jre/lib/amd64/libnio.so
7faa1b0c1000-7faa1b2c0000 ---p 00011000 08:05 792469                     /usr/lib/jvm/java-8-oracle/jre/lib/amd64/libnio.so
7faa1b2c0000-7faa1b2c1000 r--p 00010000 08:05 792469                     /usr/lib/jvm/java-8-oracle/jre/lib/amd64/libnio.so
7faa1b2c1000-7faa1b2c2000 rw-p 00011000 08:05 792469                     /usr/lib/jvm/java-8-oracle/jre/lib/amd64/libnio.so
7faa1b2c2000-7faa1b2c5000 ---p 00000000 00:00 0 
7faa1b2c5000-7faa1b5c3000 rw-p 00000000 00:00 0 
7faa1b5c3000-7faa1b5c6000 ---p 00000000 00:00 0 
7faa1b5c6000-7faa1b6c4000 rw-p 00000000 00:00 0 
7faa1b6c4000-7faa1b6c7000 ---p 00000000 00:00 0 
7faa1b6c7000-7faa1b7c5000 rw-p 00000000 00:00 0 
7faa1b8ac000-7faa1b8af000 ---p 00000000 00:00 0 
7faa1b8af000-7faa1b9ad000 rw-p 00000000 00:00 0 
7faa1b9ad000-7faa1b9b0000 ---p 00000000 00:00 0 
7faa1b9b0000-7faa1b9e6000 rw-p 00000000 00:00 0 
7faa1b9e6000-7faa1b9fc000 r-xp 00000000 08:05 792466                     /usr/lib/jvm/java-8-oracle/jre/lib/amd64/libnet.so
7faa1b9fc000-7faa1bbfc000 ---p 00016000 08:05 792466                     /usr/lib/jvm/java-8-oracle/jre/lib/amd64/libnet.so
7faa1bbfc000-7faa1bbfd000 r--p 00016000 08:05 792466                     /usr/lib/jvm/java-8-oracle/jre/lib/amd64/libnet.so
7faa1bbfd000-7faa1bbfe000 rw-p 00017000 08:05 792466                     /usr/lib/jvm/java-8-oracle/jre/lib/amd64/libnet.so
7faa1bbfe000-7faa1bdfe000 rw-p 00000000 00:00 0 
7faa1bdfe000-7faa1bdff000 r-xp 00000000 08:05 792451                     /usr/lib/jvm/java-8-oracle/jre/lib/amd64/libjaas_unix.so
7faa1bdff000-7faa1bffe000 ---p 00001000 08:05 792451                     /usr/lib/jvm/java-8-oracle/jre/lib/amd64/libjaas_unix.so
7faa1bffe000-7faa1bfff000 r--p 00000000 08:05 792451                     /usr/lib/jvm/java-8-oracle/jre/lib/amd64/libjaas_unix.so
7faa1bfff000-7faa1c000000 rw-p 00001000 08:05 792451                     /usr/lib/jvm/java-8-oracle/jre/lib/amd64/libjaas_unix.so
7faa1c000000-7faa1c021000 rw-p 00000000 00:00 0 
7faa1c021000-7faa20000000 ---p 00000000 00:00 0 
7faa2000a000-7faa2000f000 r--s 002f9000 08:05 532235                     /usr/lib/jvm/java-8-oracle/jre/lib/charsets.jar
7faa2000f000-7faa20019000 r--s 00116000 08:05 532253                     /usr/lib/jvm/java-8-oracle/jre/lib/ext/localedata.jar
7faa20019000-7faa20035000 r--s 00393000 08:05 532246                     /usr/lib/jvm/java-8-oracle/jre/lib/ext/cldrdata.jar
7faa20035000-7faa20037000 r--s 00009000 08:05 532244                     /usr/lib/jvm/java-8-oracle/jre/lib/ext/sunec.jar
7faa20037000-7faa2003b000 r--s 0003a000 08:05 532251                     /usr/lib/jvm/java-8-oracle/jre/lib/ext/sunpkcs11.jar
7faa2003b000-7faa20044000 r-xp 00000000 08:05 792474                     /usr/lib/jvm/java-8-oracle/jre/lib/amd64/libmanagement.so
7faa20044000-7faa20243000 ---p 00009000 08:05 792474                     /usr/lib/jvm/java-8-oracle/jre/lib/amd64/libmanagement.so
7faa20243000-7faa20244000 r--p 00008000 08:05 792474                     /usr/lib/jvm/java-8-oracle/jre/lib/amd64/libmanagement.so
7faa20244000-7faa20245000 rw-p 00009000 08:05 792474                     /usr/lib/jvm/java-8-oracle/jre/lib/amd64/libmanagement.so
7faa20245000-7faa20246000 ---p 00000000 00:00 0 
7faa20246000-7faa20346000 rw-p 00000000 00:00 0 
7faa20346000-7faa20349000 ---p 00000000 00:00 0 
7faa20349000-7faa20447000 rw-p 00000000 00:00 0 
7faa20447000-7faa20448000 ---p 00000000 00:00 0 
7faa20448000-7faa2044b000 ---p 00000000 00:00 0 
7faa2044b000-7faa20548000 rw-p 00000000 00:00 0 
7faa20548000-7faa20549000 ---p 00000000 00:00 0 
7faa20549000-7faa2054c000 ---p 00000000 00:00 0 
7faa2054c000-7faa20649000 rw-p 00000000 00:00 0 
7faa20649000-7faa2064a000 ---p 00000000 00:00 0 
7faa2064a000-7faa2064d000 ---p 00000000 00:00 0 
7faa2064d000-7faa2074a000 rw-p 00000000 00:00 0 
7faa2074a000-7faa2074b000 ---p 00000000 00:00 0 
7faa2074b000-7faa2074e000 ---p 00000000 00:00 0 
7faa2074e000-7faa2084b000 rw-p 00000000 00:00 0 
7faa2084b000-7faa2085e000 r--s 00345000 08:05 532241                     /usr/lib/jvm/java-8-oracle/jre/lib/resources.jar
7faa2085e000-7faa20861000 r--s 0001a000 08:05 532260                     /usr/lib/jvm/java-8-oracle/jre/lib/jce.jar
7faa20861000-7faa20865000 r--s 000a1000 08:05 532242                     /usr/lib/jvm/java-8-oracle/jre/lib/jsse.jar
7faa20865000-7faa20867000 r--s 0001f000 08:05 6949533                    /home/hadoop/eclipse/java-2018-12/eclipse/configuration/org.eclipse.osgi/216/0/.cp/lib/javaagent-shaded.jar
7faa20867000-7faa20874000 r--s 00097000 08:05 6562493                    /home/hadoop/.m2/repository/org/codehaus/jackson/jackson-mapper-asl/1.8.8/jackson-mapper-asl-1.8.8.jar
7faa20874000-7faa20897000 r--s 00344000 08:05 6949052                    /home/hadoop/.m2/repository/org/eclipse/jdt/core/3.1.1/core-3.1.1.jar
7faa20897000-7faa20899000 r--s 0000e000 08:05 6949050                    /home/hadoop/.m2/repository/oro/oro/2.0.8/oro-2.0.8.jar
7faa20899000-7faa208a2000 r--s 000a4000 08:05 6949048                    /home/hadoop/.m2/repository/hsqldb/hsqldb/1.8.0.10/hsqldb-1.8.0.10.jar
7faa208a2000-7faa208a7000 r--s 0004a000 08:05 6949046                    /home/hadoop/.m2/repository/net/java/dev/jets3t/jets3t/0.6.1/jets3t-0.6.1.jar
7faa208a7000-7faa208aa000 r--s 00019000 08:05 6949044                    /home/hadoop/.m2/repository/commons-el/commons-el/1.0/commons-el-1.0.jar
7faa208aa000-7faa208b9000 r--s 000ee000 08:05 6949042                    /home/hadoop/.m2/repository/ant/ant/1.6.5/ant-1.6.5.jar
7faa208b9000-7faa208ca000 r--s 000ea000 08:05 6949040                    /home/hadoop/.m2/repository/org/mortbay/jetty/jsp-2.1/6.1.14/jsp-2.1-6.1.14.jar
7faa208ca000-7faa208cd000 r--s 0001e000 08:05 6949038                    /home/hadoop/.m2/repository/org/mortbay/jetty/servlet-api-2.5/6.1.14/servlet-api-2.5-6.1.14.jar
7faa208cd000-7faa208d0000 r--s 0001e000 08:05 6949036                    /home/hadoop/.m2/repository/org/mortbay/jetty/jsp-api-2.1/6.1.14/jsp-api-2.1-6.1.14.jar
7faa208d0000-7faa208d5000 r--s 0005e000 08:05 6949034                    /home/hadoop/.m2/repository/tomcat/jasper-compiler/5.5.12/jasper-compiler-5.5.12.jar
7faa208d5000-7faa208d7000 r--s 00011000 08:05 6949032                    /home/hadoop/.m2/repository/tomcat/jasper-runtime/5.5.12/jasper-runtime-5.5.12.jar
7faa208d7000-7faa208db000 r--s 00028000 08:05 6949030                    /home/hadoop/.m2/repository/org/mortbay/jetty/jetty-util/6.1.26/jetty-util-6.1.26.jar
7faa208db000-7faa208dd000 r--s 0001f000 08:05 6949028                    /home/hadoop/.m2/repository/org/mortbay/jetty/servlet-api/2.5-20081211/servlet-api-2.5-20081211.jar
7faa208dd000-7faa208e4000 r--s 0007d000 08:05 6949026                    /home/hadoop/.m2/repository/org/mortbay/jetty/jetty/6.1.26/jetty-6.1.26.jar
7faa208e4000-7faa208e9000 r--s 00028000 08:05 6949024                    /home/hadoop/.m2/repository/commons-net/commons-net/1.4.1/commons-net-1.4.1.jar
7faa208e9000-7faa208ed000 r--s 0002f000 08:05 6949022                    /home/hadoop/.m2/repository/commons-beanutils/commons-beanutils-core/1.8.0/commons-beanutils-core-1.8.0.jar
7faa208ed000-7faa208f2000 r--s 0002a000 08:05 6949020                    /home/hadoop/.m2/repository/commons-beanutils/commons-beanutils/1.7.0/commons-beanutils-1.7.0.jar
7faa208f2000-7faa208f6000 r--s 00020000 08:05 6949018                    /home/hadoop/.m2/repository/commons-digester/commons-digester/1.8/commons-digester-1.8.jar
7faa208f6000-7faa208fa000 r--s 0003c000 08:05 6949016                    /home/hadoop/.m2/repository/commons-lang/commons-lang/2.4/commons-lang-2.4.jar
7faa208fa000-7faa20908000 r--s 0007f000 08:05 6949014                    /home/hadoop/.m2/repository/commons-collections/commons-collections/3.2.1/commons-collections-3.2.1.jar
7faa20908000-7faa20919000 r--s 000bb000 08:05 6821590                    /home/hadoop/.m2/repository/org/apache/commons/commons-math/2.1/commons-math-2.1.jar
7faa20919000-7faa2092a000 r--s 00099000 08:05 6949000                    /home/hadoop/.m2/repository/com/sun/jersey/jersey-server/1.8/jersey-server-1.8.jar
7faa2092a000-7faa2093d000 r--s 000c7000 08:05 6948982                    /home/hadoop/.m2/repository/com/sun/xml/bind/jaxb-impl/2.2.3-1/jaxb-impl-2.2.3-1.jar
7faa2093d000-7faa20977000 r--s 003c9000 08:05 5905480                    /home/hadoop/.m2/repository/org/apache/hadoop/hadoop-core/1.2.1/hadoop-core-1.2.1.jar
7faa20977000-7faa2097a000 ---p 00000000 00:00 0 
7faa2097a000-7faa20a78000 rw-p 00000000 00:00 0 
7faa20a78000-7faa20a7b000 ---p 00000000 00:00 0 
7faa20a7b000-7faa20b79000 rw-p 00000000 00:00 0 
7faa20b79000-7faa20b7c000 ---p 00000000 00:00 0 
7faa20b7c000-7faa20c7a000 rw-p 00000000 00:00 0 
7faa20c7a000-7faa20c7e000 r-xp 00000000 08:05 792429                     /usr/lib/jvm/java-8-oracle/jre/lib/amd64/libdt_socket.so
7faa20c7e000-7faa20e7d000 ---p 00004000 08:05 792429                     /usr/lib/jvm/java-8-oracle/jre/lib/amd64/libdt_socket.so
7faa20e7d000-7faa20e7e000 r--p 00003000 08:05 792429                     /usr/lib/jvm/java-8-oracle/jre/lib/amd64/libdt_socket.so
7faa20e7e000-7faa20e7f000 rw-p 00004000 08:05 792429                     /usr/lib/jvm/java-8-oracle/jre/lib/amd64/libdt_socket.so
7faa20e7f000-7faa20e82000 ---p 00000000 00:00 0 
7faa20e82000-7faa20f80000 rw-p 00000000 00:00 0 
7faa20f80000-7faa20f83000 ---p 00000000 00:00 0 
7faa20f83000-7faa21081000 rw-p 00000000 00:00 0 
7faa21081000-7faa21084000 ---p 00000000 00:00 0 
7faa21084000-7faa21182000 rw-p 00000000 00:00 0 
7faa21182000-7faa21183000 ---p 00000000 00:00 0 
7faa21183000-7faa22ded000 rw-p 00000000 00:00 0 
7faa22ded000-7faa22fc7000 r--s 03d6f000 08:05 532237                     /usr/lib/jvm/java-8-oracle/jre/lib/rt.jar
7faa22fc7000-7faa24000000 rw-p 00000000 00:00 0 
7faa24000000-7faa24021000 rw-p 00000000 00:00 0 
7faa24021000-7faa28000000 ---p 00000000 00:00 0 
7faa28000000-7faa28021000 rw-p 00000000 00:00 0 
7faa28021000-7faa2c000000 ---p 00000000 00:00 0 
7faa2c000000-7faa2c021000 rw-p 00000000 00:00 0 
7faa2c021000-7faa30000000 ---p 00000000 00:00 0 
7faa30001000-7faa30007000 r--s 00043000 08:05 6949012                    /home/hadoop/.m2/repository/commons-configuration/commons-configuration/1.6/commons-configuration-1.6.jar
7faa30007000-7faa3000c000 r--s 00040000 08:05 6949006                    /home/hadoop/.m2/repository/commons-httpclient/commons-httpclient/3.0.1/commons-httpclient-3.0.1.jar
7faa3000c000-7faa3000d000 ---p 00000000 00:00 0 
7faa3000d000-7faa3010d000 rw-p 00000000 00:00 0 
7faa3010d000-7faa3010e000 ---p 00000000 00:00 0 
7faa3010e000-7faa3020e000 rw-p 00000000 00:00 0 
7faa3020e000-7faa3020f000 ---p 00000000 00:00 0 
7faa3020f000-7faa30363000 rw-p 00000000 00:00 0 
7faa30363000-7faa3083c000 ---p 00000000 00:00 0 
7faa3083c000-7faa30890000 rw-p 00000000 00:00 0 
7faa30890000-7faa30d68000 ---p 00000000 00:00 0 
7faa30d68000-7faa30df2000 rw-p 00000000 00:00 0 
7faa30df2000-7faa30fff000 ---p 00000000 00:00 0 
7faa30fff000-7faa31000000 rw-p 00000000 00:00 0 
7faa31000000-7faa31980000 rwxp 00000000 00:00 0 
7faa31980000-7faa40000000 ---p 00000000 00:00 0 
7faa40000000-7faa409ab000 rw-p 00000000 00:00 0 
7faa409ab000-7faa44000000 ---p 00000000 00:00 0 
7faa44000000-7faa44002000 r--s 0000d000 08:05 6949010                    /home/hadoop/.m2/repository/commons-codec/commons-codec/1.4/commons-codec-1.4.jar
7faa44002000-7faa44003000 r--s 00007000 08:05 6949008                    /home/hadoop/.m2/repository/commons-logging/commons-logging/1.0.3/commons-logging-1.0.3.jar
7faa44003000-7faa44006000 r--s 00025000 08:05 6949004                    /home/hadoop/.m2/repository/commons-io/commons-io/2.1/commons-io-2.1.jar
7faa44006000-7faa44007000 r--s 0000a000 08:05 6949002                    /home/hadoop/.m2/repository/asm/asm/3.1/asm-3.1.jar
7faa44007000-7faa44008000 r--s 00007000 08:05 6690860                    /home/hadoop/.m2/repository/org/codehaus/jackson/jackson-xc/1.7.1/jackson-xc-1.7.1.jar
7faa44008000-7faa4400a000 r--s 00003000 08:05 6562491                    /home/hadoop/.m2/repository/org/codehaus/jackson/jackson-jaxrs/1.7.1/jackson-jaxrs-1.7.1.jar
7faa4400a000-7faa4400e000 r--s 0002f000 08:05 6423949                    /home/hadoop/.m2/repository/org/codehaus/jackson/jackson-core-asl/1.7.1/jackson-core-asl-1.7.1.jar
7faa4400e000-7faa44010000 r--s 0000e000 08:05 6948998                    /home/hadoop/.m2/repository/javax/activation/activation/1.1/activation-1.1.jar
7faa44010000-7faa44012000 r--s 00004000 08:05 6948996                    /home/hadoop/.m2/repository/javax/xml/stream/stax-api/1.0-2/stax-api-1.0-2.jar
7faa44012000-7faa44013000 ---p 00000000 00:00 0 
7faa44013000-7faa44113000 rw-p 00000000 00:00 0 
7faa44113000-7faa44114000 ---p 00000000 00:00 0 
7faa44114000-7faa44214000 rw-p 00000000 00:00 0 
7faa44214000-7faa44215000 ---p 00000000 00:00 0 
7faa44215000-7faa44315000 rw-p 00000000 00:00 0 
7faa44315000-7faa44316000 ---p 00000000 00:00 0 
7faa44316000-7faa44416000 rw-p 00000000 00:00 0 
7faa44416000-7faa44417000 ---p 00000000 00:00 0 
7faa44417000-7faa4453d000 rw-p 00000000 00:00 0 
7faa4453d000-7faa448d7000 ---p 00000000 00:00 0 
7faa448d7000-7faa448f2000 r-xp 00000000 08:05 792462                     /usr/lib/jvm/java-8-oracle/jre/lib/amd64/libzip.so
7faa448f2000-7faa44af1000 ---p 0001b000 08:05 792462                     /usr/lib/jvm/java-8-oracle/jre/lib/amd64/libzip.so
7faa44af1000-7faa44af2000 r--p 0001a000 08:05 792462                     /usr/lib/jvm/java-8-oracle/jre/lib/amd64/libzip.so
7faa44af2000-7faa44af3000 rw-p 0001b000 08:05 792462                     /usr/lib/jvm/java-8-oracle/jre/lib/amd64/libzip.so
7faa44af3000-7faa44afe000 r-xp 00000000 08:05 5903123                    /lib/x86_64-linux-gnu/libnss_files-2.27.so
7faa44afe000-7faa44cfd000 ---p 0000b000 08:05 5903123                    /lib/x86_64-linux-gnu/libnss_files-2.27.so
7faa44cfd000-7faa44cfe000 r--p 0000a000 08:05 5903123                    /lib/x86_64-linux-gnu/libnss_files-2.27.so
7faa44cfe000-7faa44cff000 rw-p 0000b000 08:05 5903123                    /lib/x86_64-linux-gnu/libnss_files-2.27.so
7faa44cff000-7faa44d05000 rw-p 00000000 00:00 0 
7faa44d05000-7faa44d1c000 r-xp 00000000 08:05 5903117                    /lib/x86_64-linux-gnu/libnsl-2.27.so
7faa44d1c000-7faa44f1b000 ---p 00017000 08:05 5903117                    /lib/x86_64-linux-gnu/libnsl-2.27.so
7faa44f1b000-7faa44f1c000 r--p 00016000 08:05 5903117                    /lib/x86_64-linux-gnu/libnsl-2.27.so
7faa44f1c000-7faa44f1d000 rw-p 00017000 08:05 5903117                    /lib/x86_64-linux-gnu/libnsl-2.27.so
7faa44f1d000-7faa44f1f000 rw-p 00000000 00:00 0 
7faa44f1f000-7faa44f2a000 r-xp 00000000 08:05 5903134                    /lib/x86_64-linux-gnu/libnss_nis-2.27.so
7faa44f2a000-7faa45129000 ---p 0000b000 08:05 5903134                    /lib/x86_64-linux-gnu/libnss_nis-2.27.so
7faa45129000-7faa4512a000 r--p 0000a000 08:05 5903134                    /lib/x86_64-linux-gnu/libnss_nis-2.27.so
7faa4512a000-7faa4512b000 rw-p 0000b000 08:05 5903134                    /lib/x86_64-linux-gnu/libnss_nis-2.27.so
7faa4512b000-7faa45133000 r-xp 00000000 08:05 5903119                    /lib/x86_64-linux-gnu/libnss_compat-2.27.so
7faa45133000-7faa45333000 ---p 00008000 08:05 5903119                    /lib/x86_64-linux-gnu/libnss_compat-2.27.so
7faa45333000-7faa45334000 r--p 00008000 08:05 5903119                    /lib/x86_64-linux-gnu/libnss_compat-2.27.so
7faa45334000-7faa45335000 rw-p 00009000 08:05 5903119                    /lib/x86_64-linux-gnu/libnss_compat-2.27.so
7faa45335000-7faa4533f000 r-xp 00000000 08:05 792471                     /usr/lib/jvm/java-8-oracle/jre/lib/amd64/libinstrument.so
7faa4533f000-7faa4553e000 ---p 0000a000 08:05 792471                     /usr/lib/jvm/java-8-oracle/jre/lib/amd64/libinstrument.so
7faa4553e000-7faa4553f000 r--p 00009000 08:05 792471                     /usr/lib/jvm/java-8-oracle/jre/lib/amd64/libinstrument.so
7faa4553f000-7faa45540000 rw-p 0000a000 08:05 792471                     /usr/lib/jvm/java-8-oracle/jre/lib/amd64/libinstrument.so
7faa45540000-7faa45f0f000 r--p 00000000 08:05 268943                     /usr/lib/locale/locale-archive
7faa45f0f000-7faa45f11000 r-xp 00000000 08:05 792431                     /usr/lib/jvm/java-8-oracle/jre/lib/amd64/libnpt.so
7faa45f11000-7faa46111000 ---p 00002000 08:05 792431                     /usr/lib/jvm/java-8-oracle/jre/lib/amd64/libnpt.so
7faa46111000-7faa46112000 r--p 00002000 08:05 792431                     /usr/lib/jvm/java-8-oracle/jre/lib/amd64/libnpt.so
7faa46112000-7faa46113000 rw-p 00003000 08:05 792431                     /usr/lib/jvm/java-8-oracle/jre/lib/amd64/libnpt.so
7faa46113000-7faa4614d000 r-xp 00000000 08:05 792449                     /usr/lib/jvm/java-8-oracle/jre/lib/amd64/libjdwp.so
7faa4614d000-7faa4634c000 ---p 0003a000 08:05 792449                     /usr/lib/jvm/java-8-oracle/jre/lib/amd64/libjdwp.so
7faa4634c000-7faa4634d000 r--p 00039000 08:05 792449                     /usr/lib/jvm/java-8-oracle/jre/lib/amd64/libjdwp.so
7faa4634d000-7faa4634e000 rw-p 0003a000 08:05 792449                     /usr/lib/jvm/java-8-oracle/jre/lib/amd64/libjdwp.so
7faa4634e000-7faa4637a000 r-xp 00000000 08:05 792456                     /usr/lib/jvm/java-8-oracle/jre/lib/amd64/libjava.so
7faa4637a000-7faa4657a000 ---p 0002c000 08:05 792456                     /usr/lib/jvm/java-8-oracle/jre/lib/amd64/libjava.so
7faa4657a000-7faa4657b000 r--p 0002c000 08:05 792456                     /usr/lib/jvm/java-8-oracle/jre/lib/amd64/libjava.so
7faa4657b000-7faa4657d000 rw-p 0002d000 08:05 792456                     /usr/lib/jvm/java-8-oracle/jre/lib/amd64/libjava.so
7faa4657d000-7faa4658a000 r-xp 00000000 08:05 792461                     /usr/lib/jvm/java-8-oracle/jre/lib/amd64/libverify.so
7faa4658a000-7faa46789000 ---p 0000d000 08:05 792461                     /usr/lib/jvm/java-8-oracle/jre/lib/amd64/libverify.so
7faa46789000-7faa4678b000 r--p 0000c000 08:05 792461                     /usr/lib/jvm/java-8-oracle/jre/lib/amd64/libverify.so
7faa4678b000-7faa4678c000 rw-p 0000e000 08:05 792461                     /usr/lib/jvm/java-8-oracle/jre/lib/amd64/libverify.so
7faa4678c000-7faa46793000 r-xp 00000000 08:05 5903174                    /lib/x86_64-linux-gnu/librt-2.27.so
7faa46793000-7faa46992000 ---p 00007000 08:05 5903174                    /lib/x86_64-linux-gnu/librt-2.27.so
7faa46992000-7faa46993000 r--p 00006000 08:05 5903174                    /lib/x86_64-linux-gnu/librt-2.27.so
7faa46993000-7faa46994000 rw-p 00007000 08:05 5903174                    /lib/x86_64-linux-gnu/librt-2.27.so
7faa46994000-7faa46b31000 r-xp 00000000 08:05 5903096                    /lib/x86_64-linux-gnu/libm-2.27.so
7faa46b31000-7faa46d30000 ---p 0019d000 08:05 5903096                    /lib/x86_64-linux-gnu/libm-2.27.so
7faa46d30000-7faa46d31000 r--p 0019c000 08:05 5903096                    /lib/x86_64-linux-gnu/libm-2.27.so
7faa46d31000-7faa46d32000 rw-p 0019d000 08:05 5903096                    /lib/x86_64-linux-gnu/libm-2.27.so
7faa46d32000-7faa47a1a000 r-xp 00000000 08:05 792438                     /usr/lib/jvm/java-8-oracle/jre/lib/amd64/server/libjvm.so
7faa47a1a000-7faa47c19000 ---p 00ce8000 08:05 792438                     /usr/lib/jvm/java-8-oracle/jre/lib/amd64/server/libjvm.so
7faa47c19000-7faa47caf000 r--p 00ce7000 08:05 792438                     /usr/lib/jvm/java-8-oracle/jre/lib/amd64/server/libjvm.so
7faa47caf000-7faa47ce0000 rw-p 00d7d000 08:05 792438                     /usr/lib/jvm/java-8-oracle/jre/lib/amd64/server/libjvm.so
7faa47ce0000-7faa47d1b000 rw-p 00000000 00:00 0 
7faa47d1b000-7faa47f02000 r-xp 00000000 08:05 5903033                    /lib/x86_64-linux-gnu/libc-2.27.so
7faa47f02000-7faa48102000 ---p 001e7000 08:05 5903033                    /lib/x86_64-linux-gnu/libc-2.27.so
7faa48102000-7faa48106000 r--p 001e7000 08:05 5903033                    /lib/x86_64-linux-gnu/libc-2.27.so
7faa48106000-7faa48108000 rw-p 001eb000 08:05 5903033                    /lib/x86_64-linux-gnu/libc-2.27.so
7faa48108000-7faa4810c000 rw-p 00000000 00:00 0 
7faa4810c000-7faa4810f000 r-xp 00000000 08:05 5903056                    /lib/x86_64-linux-gnu/libdl-2.27.so
7faa4810f000-7faa4830e000 ---p 00003000 08:05 5903056                    /lib/x86_64-linux-gnu/libdl-2.27.so
7faa4830e000-7faa4830f000 r--p 00002000 08:05 5903056                    /lib/x86_64-linux-gnu/libdl-2.27.so
7faa4830f000-7faa48310000 rw-p 00003000 08:05 5903056                    /lib/x86_64-linux-gnu/libdl-2.27.so
7faa48310000-7faa48327000 r-xp 00000000 08:05 532120                     /usr/lib/jvm/java-8-oracle/lib/amd64/jli/libjli.so
7faa48327000-7faa48526000 ---p 00017000 08:05 532120                     /usr/lib/jvm/java-8-oracle/lib/amd64/jli/libjli.so
7faa48526000-7faa48527000 r--p 00016000 08:05 532120                     /usr/lib/jvm/java-8-oracle/lib/amd64/jli/libjli.so
7faa48527000-7faa48528000 rw-p 00017000 08:05 532120                     /usr/lib/jvm/java-8-oracle/lib/amd64/jli/libjli.so
7faa48528000-7faa48542000 r-xp 00000000 08:05 5903166                    /lib/x86_64-linux-gnu/libpthread-2.27.so
7faa48542000-7faa48741000 ---p 0001a000 08:05 5903166                    /lib/x86_64-linux-gnu/libpthread-2.27.so
7faa48741000-7faa48742000 r--p 00019000 08:05 5903166                    /lib/x86_64-linux-gnu/libpthread-2.27.so
7faa48742000-7faa48743000 rw-p 0001a000 08:05 5903166                    /lib/x86_64-linux-gnu/libpthread-2.27.so
7faa48743000-7faa48747000 rw-p 00000000 00:00 0 
7faa48747000-7faa4876e000 r-xp 00000000 08:05 5903005                    /lib/x86_64-linux-gnu/ld-2.27.so
7faa4876e000-7faa48771000 r--s 00017000 08:05 6948994                    /home/hadoop/.m2/repository/javax/xml/bind/jaxb-api/2.2.2/jaxb-api-2.2.2.jar
7faa48771000-7faa48773000 r--s 00005000 08:05 6948977                    /home/hadoop/.m2/repository/stax/stax-api/1.0.1/stax-api-1.0.1.jar
7faa48773000-7faa48775000 r--s 0000f000 08:05 6294936                    /home/hadoop/.m2/repository/org/codehaus/jettison/jettison/1.1/jettison-1.1.jar
7faa48775000-7faa48779000 r--s 00021000 08:05 6948975                    /home/hadoop/.m2/repository/com/sun/jersey/jersey-json/1.8/jersey-json-1.8.jar
7faa48779000-7faa48783000 r--s 00066000 08:05 6948973                    /home/hadoop/.m2/repository/com/sun/jersey/jersey-core/1.8/jersey-core-1.8.jar
7faa48783000-7faa48784000 r--s 00003000 08:05 6948971                    /home/hadoop/.m2/repository/xmlenc/xmlenc/0.52/xmlenc-0.52.jar
7faa48784000-7faa48786000 r--s 00009000 08:05 6948969                    /home/hadoop/.m2/repository/commons-cli/commons-cli/1.2/commons-cli-1.2.jar
7faa48786000-7faa48787000 r--s 00000000 08:05 5905484                    /home/hadoop/.m2/repository/org/apache/hadoop/hadoop-client/1.2.1/hadoop-client-1.2.1.jar
7faa48787000-7faa48799000 r--s 00112000 08:05 7341528                    /home/hadoop/.m2/repository/net/sourceforge/f2j/arpack_combined_all/0.1/arpack_combined_all-0.1.jar
7faa48799000-7faa4879b000 r--s 00088000 08:05 7865832                    /home/hadoop/.m2/repository/com/github/fommil/netlib/netlib-native_system-win-i686/1.1/netlib-native_system-win-i686-1.1-natives.jar
7faa4879b000-7faa4879c000 r--s 0009b000 08:05 7865830                    /home/hadoop/.m2/repository/com/github/fommil/netlib/netlib-native_system-win-x86_64/1.1/netlib-native_system-win-x86_64-1.1-natives.jar
7faa4879c000-7faa4879d000 r--s 0004b000 08:05 7865828                    /home/hadoop/.m2/repository/com/github/fommil/netlib/netlib-native_system-linux-armhf/1.1/netlib-native_system-linux-armhf-1.1-natives.jar
7faa4879d000-7faa4879e000 r--s 0006a000 08:05 7865826                    /home/hadoop/.m2/repository/com/github/fommil/netlib/netlib-native_system-linux-i686/1.1/netlib-native_system-linux-i686-1.1-natives.jar
7faa4879e000-7faa4879f000 r--s 0006f000 08:05 7865824                    /home/hadoop/.m2/repository/com/github/fommil/netlib/netlib-native_system-linux-x86_64/1.1/netlib-native_system-linux-x86_64-1.1-natives.jar
7faa4879f000-7faa487a0000 r--s 0000d000 08:05 7865822                    /home/hadoop/.m2/repository/com/github/fommil/netlib/native_system-java/1.1/native_system-java-1.1.jar
7faa487a0000-7faa487a1000 r--s 00087000 08:05 7865820                    /home/hadoop/.m2/repository/com/github/fommil/netlib/netlib-native_system-osx-x86_64/1.1/netlib-native_system-osx-x86_64-1.1-natives.jar
7faa487a1000-7faa487a2000 r--s 00126000 08:05 7865818                    /home/hadoop/.m2/repository/com/github/fommil/netlib/netlib-native_ref-linux-armhf/1.1/netlib-native_ref-linux-armhf-1.1-natives.jar
7faa487a2000-7faa487a3000 r--s 001bd000 08:05 7865816                    /home/hadoop/.m2/repository/com/github/fommil/netlib/netlib-native_ref-win-i686/1.1/netlib-native_ref-win-i686-1.1-natives.jar
7faa487a3000-7faa487a4000 r--s 00232000 08:05 7865814                    /home/hadoop/.m2/repository/com/github/fommil/netlib/netlib-native_ref-win-x86_64/1.1/netlib-native_ref-win-x86_64-1.1-natives.jar
7faa487a4000-7faa487a5000 r--s 0016b000 08:05 7472315                    /home/hadoop/.m2/repository/com/github/fommil/netlib/netlib-native_ref-linux-i686/1.1/netlib-native_ref-linux-i686-1.1-natives.jar
7faa487a5000-7faa487a7000 r--s 001aa000 08:05 7472313                    /home/hadoop/.m2/repository/com/github/fommil/netlib/netlib-native_ref-linux-x86_64/1.1/netlib-native_ref-linux-x86_64-1.1-natives.jar
7faa487a7000-7faa487a9000 r--s 00001000 08:05 7472311                    /home/hadoop/.m2/repository/com/github/fommil/jniloader/1.1/jniloader-1.1.jar
7faa487a9000-7faa48852000 rw-p 00000000 00:00 0 
7faa48852000-7faa48853000 ---p 00000000 00:00 0 
7faa48853000-7faa48856000 ---p 00000000 00:00 0 
7faa48856000-7faa48957000 rw-p 00000000 00:00 0 
7faa48957000-7faa48958000 r--s 0000d000 08:05 7472309                    /home/hadoop/.m2/repository/com/github/fommil/netlib/native_ref-java/1.1/native_ref-java-1.1.jar
7faa48958000-7faa4895a000 r--s 001c0000 08:05 7341526                    /home/hadoop/.m2/repository/com/github/fommil/netlib/netlib-native_ref-osx-x86_64/1.1/netlib-native_ref-osx-x86_64-1.1-natives.jar
7faa4895a000-7faa4895c000 r--s 00027000 08:05 7341524                    /home/hadoop/.m2/repository/com/github/fommil/netlib/core/1.1.2/core-1.1.2.jar
7faa4895c000-7faa4895e000 r--s 00009000 08:05 7083623                    /home/hadoop/.m2/repository/org/slf4j/slf4j-api/1.7.25/slf4j-api-1.7.25.jar
7faa4895e000-7faa48963000 r--s 00045000 08:05 7083621                    /home/hadoop/.m2/repository/com/github/haifengl/smile-math/1.5.2/smile-math-1.5.2.jar
7faa48963000-7faa48964000 r--s 00003000 08:05 7213787                    /home/hadoop/.m2/repository/com/github/haifengl/smile-netlib/1.5.2/smile-netlib-1.5.2.jar
7faa48964000-7faa4896c000 rw-s 00000000 08:05 1323653                    /tmp/hsperfdata_hadoop/32243
7faa4896c000-7faa4896d000 rw-p 00000000 00:00 0 
7faa4896d000-7faa4896e000 ---p 00000000 00:00 0 
7faa4896e000-7faa4896f000 r--p 00027000 08:05 5903005                    /lib/x86_64-linux-gnu/ld-2.27.so
7faa4896f000-7faa48970000 rw-p 00028000 08:05 5903005                    /lib/x86_64-linux-gnu/ld-2.27.so
7faa48970000-7faa48971000 rw-p 00000000 00:00 0 
7ffd3c802000-7ffd3c825000 rw-p 00000000 00:00 0                          [stack]
7ffd3c909000-7ffd3c90c000 r--p 00000000 00:00 0                          [vvar]
7ffd3c90c000-7ffd3c90e000 r-xp 00000000 00:00 0                          [vdso]
ffffffffff600000-ffffffffff601000 r-xp 00000000 00:00 0                  [vsyscall]

VM Arguments:
jvm_args: -agentlib:jdwp=transport=dt_socket,suspend=y,address=localhost:36571 -javaagent:/home/hadoop/eclipse/java-2018-12/eclipse/configuration/org.eclipse.osgi/216/0/.cp/lib/javaagent-shaded.jar -Dfile.encoding=UTF-8 
java_command: it.cnr.isti.pad.HMMHadoop input output
java_class_path (initial): /home/hadoop/eclipse-workspace/HMM_MapReduce/target/classes:/home/hadoop/.m2/repository/com/github/haifengl/smile-netlib/1.5.2/smile-netlib-1.5.2.jar:/home/hadoop/.m2/repository/com/github/haifengl/smile-math/1.5.2/smile-math-1.5.2.jar:/home/hadoop/.m2/repository/org/slf4j/slf4j-api/1.7.25/slf4j-api-1.7.25.jar:/home/hadoop/.m2/repository/com/github/fommil/netlib/core/1.1.2/core-1.1.2.jar:/home/hadoop/.m2/repository/com/github/fommil/netlib/netlib-native_ref-osx-x86_64/1.1/netlib-native_ref-osx-x86_64-1.1-natives.jar:/home/hadoop/.m2/repository/com/github/fommil/netlib/native_ref-java/1.1/native_ref-java-1.1.jar:/home/hadoop/.m2/repository/com/github/fommil/jniloader/1.1/jniloader-1.1.jar:/home/hadoop/.m2/repository/com/github/fommil/netlib/netlib-native_ref-linux-x86_64/1.1/netlib-native_ref-linux-x86_64-1.1-natives.jar:/home/hadoop/.m2/repository/com/github/fommil/netlib/netlib-native_ref-linux-i686/1.1/netlib-native_ref-linux-i686-1.1-natives.jar:/home/hadoop/.m2/repository/com/github/fommil/netlib/netlib-native_ref-win-x86_64/1.1/netlib-native_ref-win-x86_64-1.1-natives.jar:/home/hadoop/.m2/repository/com/github/fommil/netlib/netlib-native_ref-win-i686/1.1/netlib-native_ref-win-i686-1.1-natives.jar:/home/hadoop/.m2/repository/com/github/fommil/netlib/netlib-native_ref-linux-armhf/1.1/netlib-native_ref-linux-armhf-1.1-natives.jar:/home/hadoop/.m2/repository/com/github/fommil/netlib/netlib-native_system-osx-x86_64/1.1/netlib-native_system-osx-x86_64-1.1-natives.jar:/home/hadoop/.m2/repository/com/github/fommil/netlib/native_system-java/1.1/native_system-java-1.1.jar:/home/hadoop/.m2/repository/com/github/fommil/netlib/netlib-native_system-linux-x86_64/1.1/netlib-native_system-linux-x86_64-1.1-natives.jar:/home/hadoop/.m2/repository/com/github/fommil/netlib/netlib-native_system-linux-i686/1.1/netlib-native_system-linux-i686-1.1-natives.jar:/home/hadoop/.m2/repository/com/github/fommil/netlib/netlib-native_system-linux-armhf/1.1/netlib-na
Launcher Type: SUN_STANDARD

Environment Variables:
JAVA_HOME=/usr/lib/jvm/java-8-oracle
PATH=/usr/local/sbin:/usr/local/bin:/usr/sbin:/usr/bin:/sbin:/bin:/usr/games:/usr/local/games:/snap/bin:/usr/lib/jvm/java-8-oracle/bin:/usr/lib/jvm/java-8-oracle/db/bin:/usr/lib/jvm/java-8-oracle/jre/bin:/home/hadoop/hadoop-1.2.1/bin/
USERNAME=hadoop
SHELL=/bin/bash
DISPLAY=:0

Signal Handlers:
SIGSEGV: [libjvm.so+0xad3e60], sa_mask[0]=11111111011111111101111111111110, sa_flags=SA_RESTART|SA_SIGINFO
SIGBUS: [libjvm.so+0xad3e60], sa_mask[0]=11111111011111111101111111111110, sa_flags=SA_RESTART|SA_SIGINFO
SIGFPE: [libjvm.so+0x90b880], sa_mask[0]=11111111011111111101111111111110, sa_flags=SA_RESTART|SA_SIGINFO
SIGPIPE: [libjvm.so+0x90b880], sa_mask[0]=11111111011111111101111111111110, sa_flags=SA_RESTART|SA_SIGINFO
SIGXFSZ: [libjvm.so+0x90b880], sa_mask[0]=11111111011111111101111111111110, sa_flags=SA_RESTART|SA_SIGINFO
SIGILL: [libjvm.so+0x90b880], sa_mask[0]=11111111011111111101111111111110, sa_flags=SA_RESTART|SA_SIGINFO
SIGUSR1: SIG_DFL, sa_mask[0]=00000000000000000000000000000000, sa_flags=none
SIGUSR2: [libjvm.so+0x90b750], sa_mask[0]=00100000000000000000000000000000, sa_flags=SA_RESTART|SA_SIGINFO
SIGHUP: [libjvm.so+0x90bd70], sa_mask[0]=11111111011111111101111111111110, sa_flags=SA_RESTART|SA_SIGINFO
SIGINT: [libjvm.so+0x90bd70], sa_mask[0]=11111111011111111101111111111110, sa_flags=SA_RESTART|SA_SIGINFO
SIGTERM: [libjvm.so+0x90bd70], sa_mask[0]=11111111011111111101111111111110, sa_flags=SA_RESTART|SA_SIGINFO
SIGQUIT: [libjvm.so+0x90bd70], sa_mask[0]=11111111011111111101111111111110, sa_flags=SA_RESTART|SA_SIGINFO


---------------  S Y S T E M  ---------------

OS:DISTRIB_ID=Ubuntu
DISTRIB_RELEASE=18.04
DISTRIB_CODENAME=bionic
DISTRIB_DESCRIPTION="Ubuntu 18.04.1 LTS"

uname:Linux 4.15.0-45-generic #48-Ubuntu SMP Tue Jan 29 16:28:13 UTC 2019 x86_64
libc:glibc 2.27 NPTL 2.27 
rlimit: STACK 8192k, CORE 0k, NPROC 62944, NOFILE 4096, AS infinity
load average:1,32 1,19 1,59

/proc/meminfo:
MemTotal:       16273088 kB
MemFree:          233032 kB
MemAvailable:    8226156 kB
Buffers:          297920 kB
Cached:          8623820 kB
SwapCached:            0 kB
Active:          8523328 kB
Inactive:        6860176 kB
Active(anon):    6369064 kB
Inactive(anon):   980820 kB
Active(file):    2154264 kB
Inactive(file):  5879356 kB
Unevictable:        1212 kB
Mlocked:            1212 kB
SwapTotal:       2097148 kB
SwapFree:        2097148 kB
Dirty:               628 kB
Writeback:             0 kB
AnonPages:       6463012 kB
Mapped:          1071416 kB
Shmem:            888124 kB
Slab:             394348 kB
SReclaimable:     300668 kB
SUnreclaim:        93680 kB
KernelStack:       26112 kB
PageTables:       105068 kB
NFS_Unstable:          0 kB
Bounce:                0 kB
WritebackTmp:          0 kB
CommitLimit:    10233692 kB
Committed_AS:   19490348 kB
VmallocTotal:   34359738367 kB
VmallocUsed:           0 kB
VmallocChunk:          0 kB
HardwareCorrupted:     0 kB
AnonHugePages:         0 kB
ShmemHugePages:        0 kB
ShmemPmdMapped:        0 kB
CmaTotal:              0 kB
CmaFree:               0 kB
HugePages_Total:       0
HugePages_Free:        0
HugePages_Rsvd:        0
HugePages_Surp:        0
Hugepagesize:       2048 kB
DirectMap4k:      417600 kB
DirectMap2M:    12013568 kB
DirectMap1G:     4194304 kB

container (cgroup) information:
container_type: cgroupv1
cpu_cpuset_cpus: 0-7
cpu_memory_nodes: 0
active_processor_count: 8
cpu_quota: -1
cpu_period: 100000
cpu_shares: -1
memory_limit_in_bytes: -1
memory_and_swap_limit_in_bytes: -2
memory_soft_limit_in_bytes: -1
memory_usage_in_bytes: 15755014144
memory_max_usage_in_bytes: 0


CPU:total 8 (initial active 8) (4 cores per cpu, 2 threads per core) family 6 model 142 stepping 11, cmov, cx8, fxsr, mmx, sse, sse2, sse3, ssse3, sse4.1, sse4.2, popcnt, avx, avx2, aes, clmul, erms, 3dnowpref, lzcnt, ht, tsc, tscinvbit, bmi1, bmi2, adx

/proc/cpuinfo:
processor	: 0
vendor_id	: GenuineIntel
cpu family	: 6
model		: 142
model name	: Intel(R) Core(TM) i7-8565U CPU @ 1.80GHz
stepping	: 11
microcode	: 0x98
cpu MHz		: 2867.626
cache size	: 8192 KB
physical id	: 0
siblings	: 8
core id		: 0
cpu cores	: 4
apicid		: 0
initial apicid	: 0
fpu		: yes
fpu_exception	: yes
cpuid level	: 22
wp		: yes
flags		: fpu vme de pse tsc msr pae mce cx8 apic sep mtrr pge mca cmov pat pse36 clflush dts acpi mmx fxsr sse sse2 ss ht tm pbe syscall nx pdpe1gb rdtscp lm constant_tsc art arch_perfmon pebs bts rep_good nopl xtopology nonstop_tsc cpuid aperfmperf tsc_known_freq pni pclmulqdq dtes64 monitor ds_cpl vmx est tm2 ssse3 sdbg fma cx16 xtpr pdcm pcid sse4_1 sse4_2 x2apic movbe popcnt tsc_deadline_timer aes xsave avx f16c rdrand lahf_lm abm 3dnowprefetch cpuid_fault epb invpcid_single ssbd ibrs ibpb stibp tpr_shadow vnmi flexpriority ept vpid fsgsbase tsc_adjust bmi1 avx2 smep bmi2 erms invpcid mpx rdseed adx smap clflushopt intel_pt xsaveopt xsavec xgetbv1 xsaves dtherm ida arat pln pts hwp hwp_notify hwp_act_window hwp_epp flush_l1d arch_capabilities
bugs		: spectre_v1 spectre_v2 spec_store_bypass
bogomips	: 3984.00
clflush size	: 64
cache_alignment	: 64
address sizes	: 39 bits physical, 48 bits virtual
power management:

processor	: 1
vendor_id	: GenuineIntel
cpu family	: 6
model		: 142
model name	: Intel(R) Core(TM) i7-8565U CPU @ 1.80GHz
stepping	: 11
microcode	: 0x98
cpu MHz		: 3516.716
cache size	: 8192 KB
physical id	: 0
siblings	: 8
core id		: 1
cpu cores	: 4
apicid		: 2
initial apicid	: 2
fpu		: yes
fpu_exception	: yes
cpuid level	: 22
wp		: yes
flags		: fpu vme de pse tsc msr pae mce cx8 apic sep mtrr pge mca cmov pat pse36 clflush dts acpi mmx fxsr sse sse2 ss ht tm pbe syscall nx pdpe1gb rdtscp lm constant_tsc art arch_perfmon pebs bts rep_good nopl xtopology nonstop_tsc cpuid aperfmperf tsc_known_freq pni pclmulqdq dtes64 monitor ds_cpl vmx est tm2 ssse3 sdbg fma cx16 xtpr pdcm pcid sse4_1 sse4_2 x2apic movbe popcnt tsc_deadline_timer aes xsave avx f16c rdrand lahf_lm abm 3dnowprefetch cpuid_fault epb invpcid_single ssbd ibrs ibpb stibp tpr_shadow vnmi flexpriority ept vpid fsgsbase tsc_adjust bmi1 avx2 smep bmi2 erms invpcid mpx rdseed adx smap clflushopt intel_pt xsaveopt xsavec xgetbv1 xsaves dtherm ida arat pln pts hwp hwp_notify hwp_act_window hwp_epp flush_l1d arch_capabilities
bugs		: spectre_v1 spectre_v2 spec_store_bypass
bogomips	: 3984.00
clflush size	: 64
cache_alignment	: 64
address sizes	: 39 bits physical, 48 bits virtual
power management:

processor	: 2
vendor_id	: GenuineIntel
cpu family	: 6
model		: 142
model name	: Intel(R) Core(TM) i7-8565U CPU @ 1.80GHz
stepping	: 11
microcode	: 0x98
cpu MHz		: 3123.916
cache size	: 8192 KB
physical id	: 0
siblings	: 8
core id		: 2
cpu cores	: 4
apicid		: 4
initial apicid	: 4
fpu		: yes
fpu_exception	: yes
cpuid level	: 22
wp		: yes
flags		: fpu vme de pse tsc msr pae mce cx8 apic sep mtrr pge mca cmov pat pse36 clflush dts acpi mmx fxsr sse sse2 ss ht tm pbe syscall nx pdpe1gb rdtscp lm constant_tsc art arch_perfmon pebs bts rep_good nopl xtopology nonstop_tsc cpuid aperfmperf tsc_known_freq pni pclmulqdq dtes64 monitor ds_cpl vmx est tm2 ssse3 sdbg fma cx16 xtpr pdcm pcid sse4_1 sse4_2 x2apic movbe popcnt tsc_deadline_timer aes xsave avx f16c rdrand lahf_lm abm 3dnowprefetch cpuid_fault epb invpcid_single ssbd ibrs ibpb stibp tpr_shadow vnmi flexpriority ept vpid fsgsbase tsc_adjust bmi1 avx2 smep bmi2 erms invpcid mpx rdseed adx smap clflushopt intel_pt xsaveopt xsavec xgetbv1 xsaves dtherm ida arat pln pts hwp hwp_notify hwp_act_window hwp_epp flush_l1d arch_capabilities
bugs		: spectre_v1 spectre_v2 spec_store_bypass
bogomips	: 3984.00
clflush size	: 64
cache_alignment	: 64
address sizes	: 39 bits physical, 48 bits virtual
power management:

processor	: 3
vendor_id	: GenuineIntel
cpu family	: 6
model		: 142
model name	: Intel(R) Core(TM) i7-8565U CPU @ 1.80GHz
stepping	: 11
microcode	: 0x98
cpu MHz		: 3232.657
cache size	: 8192 KB
physical id	: 0
siblings	: 8
core id		: 3
cpu cores	: 4
apicid		: 6
initial apicid	: 6
fpu		: yes
fpu_exception	: yes
cpuid level	: 22
wp		: yes
flags		: fpu vme de pse tsc msr pae mce cx8 apic sep mtrr pge mca cmov pat pse36 clflush dts acpi mmx fxsr sse sse2 ss ht tm pbe syscall nx pdpe1gb rdtscp lm constant_tsc art arch_perfmon pebs bts rep_good nopl xtopology nonstop_tsc cpuid aperfmperf tsc_known_freq pni pclmulqdq dtes64 monitor ds_cpl vmx est tm2 ssse3 sdbg fma cx16 xtpr pdcm pcid sse4_1 sse4_2 x2apic movbe popcnt tsc_deadline_timer aes xsave avx f16c rdrand lahf_lm abm 3dnowprefetch cpuid_fault epb invpcid_single ssbd ibrs ibpb stibp tpr_shadow vnmi flexpriority ept vpid fsgsbase tsc_adjust bmi1 avx2 smep bmi2 erms invpcid mpx rdseed adx smap clflushopt intel_pt xsaveopt xsavec xgetbv1 xsaves dtherm ida arat pln pts hwp hwp_notify hwp_act_window hwp_epp flush_l1d arch_capabilities
bugs		: spectre_v1 spectre_v2 spec_store_bypass
bogomips	: 3984.00
clflush size	: 64
cache_alignment	: 64
address sizes	: 39 bits physical, 48 bits virtual
power management:

processor	: 4
vendor_id	: GenuineIntel
cpu family	: 6
model		: 142
model name	: Intel(R) Core(TM) i7-8565U CPU @ 1.80GHz
stepping	: 11
microcode	: 0x98
cpu MHz		: 1107.443
cache size	: 8192 KB
physical id	: 0
siblings	: 8
core id		: 0
cpu cores	: 4
apicid		: 1
initial apicid	: 1
fpu		: yes
fpu_exception	: yes
cpuid level	: 22
wp		: yes
flags		: fpu vme de pse tsc msr pae mce cx8 apic sep mtrr pge mca cmov pat pse36 clflush dts acpi mmx fxsr sse sse2 ss ht tm pbe syscall nx pdpe1gb rdtscp lm constant_tsc art arch_perfmon pebs bts rep_good nopl xtopology nonstop_tsc cpuid aperfmperf tsc_known_freq pni pclmulqdq dtes64 monitor ds_cpl vmx est tm2 ssse3 sdbg fma cx16 xtpr pdcm pcid sse4_1 sse4_2 x2apic movbe popcnt tsc_deadline_timer aes xsave avx f16c rdrand lahf_lm abm 3dnowprefetch cpuid_fault epb invpcid_single ssbd ibrs ibpb stibp tpr_shadow vnmi flexpriority ept vpid fsgsbase tsc_adjust bmi1 avx2 smep bmi2 erms invpcid mpx rdseed adx smap clflushopt intel_pt xsaveopt xsavec xgetbv1 xsaves dtherm ida arat pln pts hwp hwp_notify hwp_act_window hwp_epp flush_l1d arch_capabilities
bugs		: spectre_v1 spectre_v2 spec_store_bypass
bogomips	: 3984.00
clflush size	: 64
cache_alignment	: 64
address sizes	: 39 bits physical, 48 bits virtual
power management:

processor	: 5
vendor_id	: GenuineIntel
cpu family	: 6
model		: 142
model name	: Intel(R) Core(TM) i7-8565U CPU @ 1.80GHz
stepping	: 11
microcode	: 0x98
cpu MHz		: 3205.410
cache size	: 8192 KB
physical id	: 0
siblings	: 8
core id		: 1
cpu cores	: 4
apicid		: 3
initial apicid	: 3
fpu		: yes
fpu_exception	: yes
cpuid level	: 22
wp		: yes
flags		: fpu vme de pse tsc msr pae mce cx8 apic sep mtrr pge mca cmov pat pse36 clflush dts acpi mmx fxsr sse sse2 ss ht tm pbe syscall nx pdpe1gb rdtscp lm constant_tsc art arch_perfmon pebs bts rep_good nopl xtopology nonstop_tsc cpuid aperfmperf tsc_known_freq pni pclmulqdq dtes64 monitor ds_cpl vmx est tm2 ssse3 sdbg fma cx16 xtpr pdcm pcid sse4_1 sse4_2 x2apic movbe popcnt tsc_deadline_timer aes xsave avx f16c rdrand lahf_lm abm 3dnowprefetch cpuid_fault epb invpcid_single ssbd ibrs ibpb stibp tpr_shadow vnmi flexpriority ept vpid fsgsbase tsc_adjust bmi1 avx2 smep bmi2 erms invpcid mpx rdseed adx smap clflushopt intel_pt xsaveopt xsavec xgetbv1 xsaves dtherm ida arat pln pts hwp hwp_notify hwp_act_window hwp_epp flush_l1d arch_capabilities
bugs		: spectre_v1 spectre_v2 spec_store_bypass
bogomips	: 3984.00
clflush size	: 64
cache_alignment	: 64
address sizes	: 39 bits physical, 48 bits virtual
power management:

processor	: 6
vendor_id	: GenuineIntel
cpu family	: 6
model		: 142
model name	: Intel(R) Core(TM) i7-8565U CPU @ 1.80GHz
stepping	: 11
microcode	: 0x98
cpu MHz		: 2257.894
cache size	: 8192 KB
physical id	: 0
siblings	: 8
core id		: 2
cpu cores	: 4
apicid		: 5
initial apicid	: 5
fpu		: yes
fpu_exception	: yes
cpuid level	: 22
wp		: yes
flags		: fpu vme de pse tsc msr pae mce cx8 apic sep mtrr pge mca cmov pat pse36 clflush dts acpi mmx fxsr sse sse2 ss ht tm pbe syscall nx pdpe1gb rdtscp lm constant_tsc art arch_perfmon pebs bts rep_good nopl xtopology nonstop_tsc cpuid aperfmperf tsc_known_freq pni pclmulqdq dtes64 monitor ds_cpl vmx est tm2 ssse3 sdbg fma cx16 xtpr pdcm pcid sse4_1 sse4_2 x2apic movbe popcnt tsc_deadline_timer aes xsave avx f16c rdrand lahf_lm abm 3dnowprefetch cpuid_fault epb invpcid_single ssbd ibrs ibpb stibp tpr_shadow vnmi flexpriority ept vpid fsgsbase tsc_adjust bmi1 avx2 smep bmi2 erms invpcid mpx rdseed adx smap clflushopt intel_pt xsaveopt xsavec xgetbv1 xsaves dtherm ida arat pln pts hwp hwp_notify hwp_act_window hwp_epp flush_l1d arch_capabilities
bugs		: spectre_v1 spectre_v2 spec_store_bypass
bogomips	: 3984.00
clflush size	: 64
cache_alignment	: 64
address sizes	: 39 bits physical, 48 bits virtual
power management:

processor	: 7
vendor_id	: GenuineIntel
cpu family	: 6
model		: 142
model name	: Intel(R) Core(TM) i7-8565U CPU @ 1.80GHz
stepping	: 11
microcode	: 0x98
cpu MHz		: 1256.217
cache size	: 8192 KB
physical id	: 0
siblings	: 8
core id		: 3
cpu cores	: 4
apicid		: 7
initial apicid	: 7
fpu		: yes
fpu_exception	: yes
cpuid level	: 22
wp		: yes
flags		: fpu vme de pse tsc msr pae mce cx8 apic sep mtrr pge mca cmov pat pse36 clflush dts acpi mmx fxsr sse sse2 ss ht tm pbe syscall nx pdpe1gb rdtscp lm constant_tsc art arch_perfmon pebs bts rep_good nopl xtopology nonstop_tsc cpuid aperfmperf tsc_known_freq pni pclmulqdq dtes64 monitor ds_cpl vmx est tm2 ssse3 sdbg fma cx16 xtpr pdcm pcid sse4_1 sse4_2 x2apic movbe popcnt tsc_deadline_timer aes xsave avx f16c rdrand lahf_lm abm 3dnowprefetch cpuid_fault epb invpcid_single ssbd ibrs ibpb stibp tpr_shadow vnmi flexpriority ept vpid fsgsbase tsc_adjust bmi1 avx2 smep bmi2 erms invpcid mpx rdseed adx smap clflushopt intel_pt xsaveopt xsavec xgetbv1 xsaves dtherm ida arat pln pts hwp hwp_notify hwp_act_window hwp_epp flush_l1d arch_capabilities
bugs		: spectre_v1 spectre_v2 spec_store_bypass
bogomips	: 3984.00
clflush size	: 64
cache_alignment	: 64
address sizes	: 39 bits physical, 48 bits virtual
power management:



Memory: 4k page, physical 16273088k(233008k free), swap 2097148k(2097148k free)

vm_info: Java HotSpot(TM) 64-Bit Server VM (25.201-b09) for linux-amd64 JRE (1.8.0_201-b09), built on Dec 15 2018 11:35:59 by "java_re" with gcc 7.3.0

time: Fri Feb  8 19:45:54 2019
timezone: CET
elapsed time: 55 seconds (0d 0h 0m 55s)

